[13:09:05] IridescentSky-Alpha:1407@API_3.0 w/ Client r240201 // Debug: True - Packet Size: 1024b

[13:09:05] SUCCESS: Connected to IridescentSky-Alpha:1407! (Latency: 0ms)
[13:09:05] INFO: Requesting API Version 3.0...
[13:09:05] [OK] We sent a valid API Version.
[13:09:05] INFO: Requesting "GET".
[13:09:05] [SUCCESS] Received {'modules': [{'siriusbyt': ['extended_chat_effects', 'infinite_chat_effects']}], 'plugins': [{'siriusbyt': ['themehooker']}, {'eastarctica': []}, {'tharki-god': []}], 'themes': [], 'users': ['siriusbyt', 'eastarctica', 'tharki-god']} for our request!
[13:15:39] IridescentSky-Alpha:1407@API_3.0 w/ Client r240201 // Debug: True - Packet Size: 1024b

[13:15:39] SUCCESS: Connected to IridescentSky-Alpha:1407! (Latency: 0ms)
[13:15:39] INFO: Requesting API Version 3.0...
[13:15:39] [OK] We sent a valid API Version.
[13:15:39] INFO: Requesting "GET".
[13:15:39] [SUCCESS] Received {'modules': [{'siriusbyt': ['extended_chat_effects', 'infinite_chat_effects']}], 'plugins': [{'siriusbyt': ['themehooker']}, {'eastarctica': []}, {'tharki-god': []}], 'themes': [], 'users': ['siriusbyt', 'eastarctica', 'tharki-god']} for our request!
[13:15:53] IridescentSky-Alpha:1407@API_3.0 w/ Client r240201 // Debug: True - Packet Size: 1024b

[13:15:53] SUCCESS: Connected to IridescentSky-Alpha:1407! (Latency: 0ms)
[13:15:53] INFO: Requesting API Version 3.0...
[13:15:53] [OK] We sent a valid API Version.
[13:15:53] INFO: Requesting "GET".
[13:15:53] [SUCCESS] Received {'modules': [{'siriusbyt': ['extended_chat_effects', 'infinite_chat_effects']}], 'plugins': [{'siriusbyt': ['themehooker']}, {'eastarctica': []}, {'tharki-god': []}], 'themes': [], 'users': ['siriusbyt', 'eastarctica', 'tharki-god']} for our request!
[13:16:04] IridescentSky-Alpha:1407@API_3.0 w/ Client r240201 // Debug: True - Packet Size: 1024b

[13:16:04] SUCCESS: Connected to IridescentSky-Alpha:1407! (Latency: 0ms)
[13:16:04] INFO: Requesting API Version 3.0...
[13:16:04] TIMED OUT: Failed to receive data from the server! 
[ERROR TRACEBACK]
[WinError 10053] An established connection was aborted by the software in your host machine
[13:16:04] INFO: Requesting "GET".
[13:16:04] TIMED OUT: Failed to send data to the server! 
[ERROR TRACEBACK]
[WinError 10053] An established connection was aborted by the software in your host machine
[13:16:04] TIMED OUT: Failed to receive data from the server! 
[ERROR TRACEBACK]
[WinError 10053] An established connection was aborted by the software in your host machine
[13:16:04] [ERROR] An unknown error occurred!
[13:16:58] IridescentSky-Alpha:1407@API_3.0 w/ Client r240201 // Debug: True - Packet Size: 1024b

[13:16:58] SUCCESS: Connected to IridescentSky-Alpha:1407! (Latency: 0ms)
[13:16:58] INFO: Requesting API Version 3.0...
[13:16:58] [OK] We sent a valid API Version.
[13:16:58] INFO: Requesting "GET".
[13:16:58] [SUCCESS] Received {'modules': [{'siriusbyt': ['extended_chat_effects', 'infinite_chat_effects']}], 'plugins': [{'siriusbyt': ['themehooker']}, {'eastarctica': []}, {'tharki-god': []}], 'themes': [], 'users': ['siriusbyt', 'eastarctica', 'tharki-god']} for our request!
[13:17:11] IridescentSky-Alpha:1407@API_3.0 w/ Client r240201 // Debug: True - Packet Size: 1024b

[13:17:11] SUCCESS: Connected to IridescentSky-Alpha:1407! (Latency: 0ms)
[13:17:11] INFO: Requesting API Version 3.0...
[13:17:11] [ERROR] You have been banned from using the Flashcord API.
[13:18:05] IridescentSky-Alpha:1407@API_3.0 w/ Client r240201 // Debug: True - Packet Size: 1024b

[13:18:05] SUCCESS: Connected to IridescentSky-Alpha:1407! (Latency: 0ms)
[13:18:05] INFO: Requesting API Version 3.0...
[13:18:05] [ERROR] You have been banned from using the Flashcord API.
[13:18:18] IridescentSky-Alpha:1407@API_3.0 w/ Client r240201 // Debug: True - Packet Size: 1024b

[13:18:18] SUCCESS: Connected to IridescentSky-Alpha:1407! (Latency: 0ms)
[13:18:18] INFO: Requesting API Version 3.0...
[13:18:18] [ERROR] You have been banned from using the Flashcord API.
[13:22:14] IridescentSky-Alpha:1407@API_3.0 w/ Client r240201 // Debug: True - Packet Size: 1024b

[13:22:14] SUCCESS: Connected to IridescentSky-Alpha:1407! (Latency: 0ms)
[13:22:14] INFO: Requesting API Version 3.0...
[13:22:14] TIMED OUT: Failed to receive data from the server! 
[ERROR TRACEBACK]
[WinError 10054] An existing connection was forcibly closed by the remote host
[13:22:14] INFO: Requesting "GET".
[13:22:14] TIMED OUT: Failed to send data to the server! 
[ERROR TRACEBACK]
[WinError 10054] An existing connection was forcibly closed by the remote host
[13:22:14] TIMED OUT: Failed to receive data from the server! 
[ERROR TRACEBACK]
[WinError 10054] An existing connection was forcibly closed by the remote host
[13:22:14] [ERROR] An unknown error occurred!
[13:23:07] IridescentSky-Alpha:1407@API_3.0 w/ Client r240201 // Debug: True - Packet Size: 1024b

[13:23:07] SUCCESS: Connected to IridescentSky-Alpha:1407! (Latency: 0ms)
[13:23:07] INFO: Requesting API Version 3.0...
[13:23:07] [OK] We sent a valid API Version.
[13:23:07] INFO: Requesting "GET".
[13:23:07] [SUCCESS] Received {'modules': [{'siriusbyt': ['extended_chat_effects', 'infinite_chat_effects']}], 'plugins': [{'siriusbyt': ['themehooker']}, {'eastarctica': []}, {'tharki-god': []}], 'themes': [], 'users': ['siriusbyt', 'eastarctica', 'tharki-god']} for our request!
[13:23:37] IridescentSky-Alpha:1407@API_3.0 w/ Client r240201 // Debug: True - Packet Size: 1024b

[13:23:37] SUCCESS: Connected to IridescentSky-Alpha:1407! (Latency: 0ms)
[13:23:37] INFO: Requesting API Version 3.0...
[13:23:37] [OK] We sent a valid API Version.
[13:23:37] INFO: Requesting "GET".
[13:23:37] [SUCCESS] Received {'modules': [{'siriusbyt': ['extended_chat_effects', 'infinite_chat_effects']}], 'plugins': [{'siriusbyt': ['themehooker']}, {'eastarctica': []}, {'tharki-god': []}], 'themes': [], 'users': ['siriusbyt', 'eastarctica', 'tharki-god']} for our request!
[13:24:18] IridescentSky-Alpha:1407@API_3.0 w/ Client r240201 // Debug: True - Packet Size: 1024b

[13:24:18] SUCCESS: Connected to IridescentSky-Alpha:1407! (Latency: 0ms)
[13:24:18] INFO: Requesting API Version 3.0...
[13:24:18] [OK] We sent a valid API Version.
[13:24:18] INFO: Requesting "GET".
[13:24:18] [SUCCESS] Received {'modules': [{'siriusbyt': ['extended_chat_effects', 'infinite_chat_effects']}], 'plugins': [{'siriusbyt': ['themehooker']}, {'eastarctica': []}, {'tharki-god': []}], 'themes': [], 'users': ['siriusbyt', 'eastarctica', 'tharki-god']} for our request!
[13:27:29] IridescentSky-Alpha:1407@API_3.0 w/ Client r240201 // Debug: True - Packet Size: 1024b

[13:27:29] SUCCESS: Connected to IridescentSky-Alpha:1407! (Latency: 0ms)
[13:27:29] INFO: Requesting API Version 3.0...
[13:27:29] [OK] We sent a valid API Version.
[13:27:29] INFO: Requesting "GET".
[13:27:29] [SUCCESS] Received {'modules': [{'siriusbyt': ['extended_chat_effects', 'infinite_chat_effects']}], 'plugins': [{'siriusbyt': ['themehooker']}, {'eastarctica': []}, {'tharki-god': []}], 'themes': [], 'users': ['siriusbyt', 'eastarctica', 'tharki-god']} for our request!
[13:28:35] IridescentSky-Alpha:1407@API_3.0 w/ Client r240201 // Debug: True - Packet Size: 1024b

[13:28:35] SUCCESS: Connected to IridescentSky-Alpha:1407! (Latency: 0ms)
[13:28:35] INFO: Requesting API Version 3.0...
[13:28:35] [OK] We sent a valid API Version.
[13:28:35] INFO: Requesting "GET".
[13:28:35] [SUCCESS] Received {'modules': [{'siriusbyt': ['extended_chat_effects', 'infinite_chat_effects']}], 'plugins': [{'siriusbyt': ['themehooker']}, {'eastarctica': []}, {'tharki-god': []}], 'themes': [], 'users': ['siriusbyt', 'eastarctica', 'tharki-god']} for our request!
[13:28:42] IridescentSky-Alpha:1407@API_3.0 w/ Client r240201 // Debug: True - Packet Size: 1024b

[13:28:42] SUCCESS: Connected to IridescentSky-Alpha:1407! (Latency: 0ms)
[13:28:42] INFO: Requesting API Version 3.0...
[13:28:42] [ERROR] The server told us we're already connected to it!
[13:29:00] IridescentSky-Alpha:1407@API_3.0 w/ Client r240201 // Debug: True - Packet Size: 1024b

[13:29:00] SUCCESS: Connected to IridescentSky-Alpha:1407! (Latency: 0ms)
[13:29:00] INFO: Requesting API Version 3.0...
[13:29:00] [ERROR] The server told us we're already connected to it!
[13:30:07] IridescentSky-Alpha:1407@API_3.0 w/ Client r240201 // Debug: True - Packet Size: 1024b

[13:30:07] SUCCESS: Connected to IridescentSky-Alpha:1407! (Latency: 0ms)
[13:30:07] INFO: Requesting API Version 3.0...
[13:30:07] [OK] We sent a valid API Version.
[13:30:07] INFO: Requesting "GET".
[13:30:07] [SUCCESS] Received {'modules': [{'siriusbyt': ['extended_chat_effects', 'infinite_chat_effects']}], 'plugins': [{'siriusbyt': ['themehooker']}, {'eastarctica': []}, {'tharki-god': []}], 'themes': [], 'users': ['siriusbyt', 'eastarctica', 'tharki-god']} for our request!
[13:49:17] IridescentSky-Alpha:1407@API_3.0 w/ Client r240201 // Debug: True - Packet Size: 1024b

[13:49:19] ERROR: Failed to connect to the Flashstore API! 
[ERROR TRACEBACK]
[WinError 10061] No connection could be made because the target machine actively refused it
[13:49:21] IridescentSky-Alpha:1407@API_3.0 w/ Client r240201 // Debug: True - Packet Size: 1024b

[13:49:21] SUCCESS: Connected to IridescentSky-Alpha:1407! (Latency: 0ms)
[13:49:21] INFO: Requesting API Version 3.0...
[13:49:21] [OK] We sent a valid API Version.
[13:49:21] INFO: Requesting "GET/SPLASH_TEXT".
[13:49:21] [ERROR] The server sent us an empty response!
[13:50:03] IridescentSky-Alpha:1407@API_3.0 w/ Client r240201 // Debug: True - Packet Size: 1024b

[13:50:03] SUCCESS: Connected to IridescentSky-Alpha:1407! (Latency: 0ms)
[13:50:03] INFO: Requesting API Version 3.0...
[13:50:03] [OK] We sent a valid API Version.
[13:50:03] INFO: Requesting "GET/SPLASH_TEXT".
[13:50:03] [ERROR] The server sent us an empty response!
[13:50:48] IridescentSky-Alpha:1407@API_3.0 w/ Client r240201 // Debug: True - Packet Size: 1024b

[13:50:48] SUCCESS: Connected to IridescentSky-Alpha:1407! (Latency: 0ms)
[13:50:48] INFO: Requesting API Version 3.0...
[13:50:48] [OK] We sent a valid API Version.
[13:50:48] INFO: Requesting "GET/SPLASH_TEXT".
[13:50:48] [SUCCESS] Received East_Arctica is a cool guy.
Literally. for our request!
[13:50:53] IridescentSky-Alpha:1407@API_3.0 w/ Client r240201 // Debug: True - Packet Size: 1024b

[13:50:53] SUCCESS: Connected to IridescentSky-Alpha:1407! (Latency: 0ms)
[13:50:53] INFO: Requesting API Version 3.0...
[13:50:53] [OK] We sent a valid API Version.
[13:50:53] INFO: Requesting "GET/SPLASH_TEXT".
[13:50:53] [SUCCESS] Received subscribe to siriusbyt for our request!
[13:50:56] IridescentSky-Alpha:1407@API_3.0 w/ Client r240201 // Debug: True - Packet Size: 1024b

[13:50:56] SUCCESS: Connected to IridescentSky-Alpha:1407! (Latency: 0ms)
[13:50:56] INFO: Requesting API Version 3.0...
[13:50:56] [OK] We sent a valid API Version.
[13:50:56] INFO: Requesting "GET/SPLASH_TEXT".
[13:50:56] [SUCCESS] Received Oh look, a splash text! for our request!
[13:51:23] IridescentSky-Alpha:1407@API_3.0 w/ Client r240201 // Debug: True - Packet Size: 1024b

[13:51:23] SUCCESS: Connected to IridescentSky-Alpha:1407! (Latency: 0ms)
[13:51:23] INFO: Requesting API Version 3.0...
[13:51:23] [OK] We sent a valid API Version.
[13:51:23] INFO: Requesting "GET/SPLASH_TEXT".
[13:51:23] [SUCCESS] Received: 
"shoutouts to simpleflips"
 for our request!
[13:51:30] IridescentSky-Alpha:1407@API_3.0 w/ Client r240201 // Debug: True - Packet Size: 1024b

[13:51:30] SUCCESS: Connected to IridescentSky-Alpha:1407! (Latency: 0ms)
[13:51:30] INFO: Requesting API Version 3.0...
[13:51:30] [OK] We sent a valid API Version.
[13:51:30] INFO: Requesting "GET/SPLASH_TEXT".
[13:51:30] [SUCCESS] Received: 
"Still without Javascript!
...oh wait now there is."
for our request!
[13:51:35] IridescentSky-Alpha:1407@API_3.0 w/ Client r240201 // Debug: True - Packet Size: 1024b

[13:51:35] SUCCESS: Connected to IridescentSky-Alpha:1407! (Latency: 0ms)
[13:51:35] INFO: Requesting API Version 3.0...
[13:51:35] [OK] We sent a valid API Version.
[13:51:35] INFO: Requesting "GET/SPLASH_TEXT".
[13:51:35] [SUCCESS] Received: 
"The Discount Replugged Store™️
...With more features"
for our request!
[13:51:40] IridescentSky-Alpha:1407@API_3.0 w/ Client r240201 // Debug: True - Packet Size: 1024b

[13:51:40] SUCCESS: Connected to IridescentSky-Alpha:1407! (Latency: 0ms)
[13:51:40] INFO: Requesting API Version 3.0...
[13:51:40] [OK] We sent a valid API Version.
[13:51:40] INFO: Requesting "GET/SPLASH_TEXT".
[13:51:40] [SUCCESS] Received: 
>Access Denied
>:(
for our request!
[13:51:42] IridescentSky-Alpha:1407@API_3.0 w/ Client r240201 // Debug: True - Packet Size: 1024b

[13:51:42] SUCCESS: Connected to IridescentSky-Alpha:1407! (Latency: 0ms)
[13:51:42] INFO: Requesting API Version 3.0...
[13:51:42] [OK] We sent a valid API Version.
[13:51:42] INFO: Requesting "GET/SPLASH_TEXT".
[13:51:42] [SUCCESS] Received: 
now with more yaes than mikos!
for our request!
[13:51:46] IridescentSky-Alpha:1407@API_3.0 w/ Client r240201 // Debug: True - Packet Size: 1024b

[13:51:46] SUCCESS: Connected to IridescentSky-Alpha:1407! (Latency: 0ms)
[13:51:46] INFO: Requesting API Version 3.0...
[13:51:46] [OK] We sent a valid API Version.
[13:51:46] INFO: Requesting "GET/SPLASH_TEXT".
[13:51:46] [SUCCESS] Received: 
subscribe to siriusbyt
for our request!
[13:51:52] IridescentSky-Alpha:1407@API_3.0 w/ Client r240201 // Debug: True - Packet Size: 1024b

[13:51:52] SUCCESS: Connected to IridescentSky-Alpha:1407! (Latency: 0ms)
[13:51:52] INFO: Requesting API Version 3.0...
[13:51:52] [OK] We sent a valid API Version.
[13:51:52] INFO: Requesting "GET/SPLASH_TEXT".
[13:51:52] [SUCCESS] Received: 
Still without Javascript!
...oh wait now there is.
for our request!
[13:52:02] IridescentSky-Alpha:1407@API_3.0 w/ Client r240201 // Debug: True - Packet Size: 1024b

[13:52:02] SUCCESS: Connected to IridescentSky-Alpha:1407! (Latency: 0ms)
[13:52:02] INFO: Requesting API Version 3.0...
[13:52:02] [OK] We sent a valid API Version.
[13:52:02] INFO: Requesting "GET/SPLASH_TEXT".
[13:52:02] [SUCCESS] Received East_Arctica is a cool guy.
Literally. for our request!
[13:52:06] IridescentSky-Alpha:1407@API_3.0 w/ Client r240201 // Debug: True - Packet Size: 1024b

[13:52:06] SUCCESS: Connected to IridescentSky-Alpha:1407! (Latency: 0ms)
[13:52:06] INFO: Requesting API Version 3.0...
[13:52:06] [OK] We sent a valid API Version.
[13:52:06] INFO: Requesting "GET/SPLASH_TEXT".
[13:52:06] [SUCCESS] Received Made with <3 by SiriusBYT for our request!
[13:52:18] IridescentSky-Alpha:1407@API_3.0 w/ Client r240201 // Debug: True - Packet Size: 1024b

[13:52:18] SUCCESS: Connected to IridescentSky-Alpha:1407! (Latency: 0ms)
[13:52:18] INFO: Requesting API Version 3.0...
[13:52:18] [OK] We sent a valid API Version.
[13:52:18] INFO: Requesting "GET/SPLASH_TEXT".
[13:52:18] [SUCCESS] Received East_Arctica is a cool guy.
Literally. for our request!
[13:52:27] IridescentSky-Alpha:1407@API_3.0 w/ Client r240201 // Debug: True - Packet Size: 1024b

[13:52:27] SUCCESS: Connected to IridescentSky-Alpha:1407! (Latency: 0ms)
[13:52:27] INFO: Requesting API Version 3.0...
[13:52:27] [OK] We sent a valid API Version.
[13:52:27] INFO: Requesting "GET/SPLASH_TEXT".
[13:52:27] [SUCCESS] Received Now built thanks to the Flashstore API! for our request!
[13:52:30] IridescentSky-Alpha:1407@API_3.0 w/ Client r240201 // Debug: True - Packet Size: 1024b

[13:52:30] SUCCESS: Connected to IridescentSky-Alpha:1407! (Latency: 0ms)
[13:52:30] INFO: Requesting API Version 3.0...
[13:52:30] [OK] We sent a valid API Version.
[13:52:30] INFO: Requesting "GET/SPLASH_TEXT".
[13:52:30] [SUCCESS] Received East_Arctica is a cool guy.
Literally. for our request!
[13:52:31] IridescentSky-Alpha:1407@API_3.0 w/ Client r240201 // Debug: True - Packet Size: 1024b

[13:52:31] SUCCESS: Connected to IridescentSky-Alpha:1407! (Latency: 0ms)
[13:52:31] INFO: Requesting API Version 3.0...
[13:52:31] [OK] We sent a valid API Version.
[13:52:31] INFO: Requesting "GET/SPLASH_TEXT".
[13:52:31] [SUCCESS] Received subscribe to siriusbyt for our request!
[13:52:33] IridescentSky-Alpha:1407@API_3.0 w/ Client r240201 // Debug: True - Packet Size: 1024b

[13:52:33] SUCCESS: Connected to IridescentSky-Alpha:1407! (Latency: 0ms)
[13:52:33] INFO: Requesting API Version 3.0...
[13:52:33] [OK] We sent a valid API Version.
[13:52:33] INFO: Requesting "GET/SPLASH_TEXT".
[13:52:33] [SUCCESS] Received Oh look, a splash text! for our request!
[13:52:34] IridescentSky-Alpha:1407@API_3.0 w/ Client r240201 // Debug: True - Packet Size: 1024b

[13:52:34] SUCCESS: Connected to IridescentSky-Alpha:1407! (Latency: 0ms)
[13:52:34] INFO: Requesting API Version 3.0...
[13:52:34] [OK] We sent a valid API Version.
[13:52:34] INFO: Requesting "GET/SPLASH_TEXT".
[13:52:34] [SUCCESS] Received subscribe to siriusbyt for our request!
[13:52:35] IridescentSky-Alpha:1407@API_3.0 w/ Client r240201 // Debug: True - Packet Size: 1024b

[13:52:35] SUCCESS: Connected to IridescentSky-Alpha:1407! (Latency: 0ms)
[13:52:35] INFO: Requesting API Version 3.0...
[13:52:35] [OK] We sent a valid API Version.
[13:52:35] INFO: Requesting "GET/SPLASH_TEXT".
[13:52:35] [SUCCESS] Received Now built thanks to the Flashstore API! for our request!
[13:52:35] IridescentSky-Alpha:1407@API_3.0 w/ Client r240201 // Debug: True - Packet Size: 1024b

[13:52:35] SUCCESS: Connected to IridescentSky-Alpha:1407! (Latency: 0ms)
[13:52:35] INFO: Requesting API Version 3.0...
[13:52:35] [OK] We sent a valid API Version.
[13:52:35] INFO: Requesting "GET/SPLASH_TEXT".
[13:52:35] [SUCCESS] Received we killed the replugged forg for our request!
[13:52:36] IridescentSky-Alpha:1407@API_3.0 w/ Client r240201 // Debug: True - Packet Size: 1024b

[13:52:36] SUCCESS: Connected to IridescentSky-Alpha:1407! (Latency: 0ms)
[13:52:36] INFO: Requesting API Version 3.0...
[13:52:36] [OK] We sent a valid API Version.
[13:52:36] INFO: Requesting "GET/SPLASH_TEXT".
[13:52:36] [SUCCESS] Received Powered by Sirius' broken Python code! for our request!
[13:52:36] IridescentSky-Alpha:1407@API_3.0 w/ Client r240201 // Debug: True - Packet Size: 1024b

[13:52:36] SUCCESS: Connected to IridescentSky-Alpha:1407! (Latency: 0ms)
[13:52:36] INFO: Requesting API Version 3.0...
[13:52:36] [OK] We sent a valid API Version.
[13:52:36] INFO: Requesting "GET/SPLASH_TEXT".
[13:52:36] [SUCCESS] Received Still without Javascript!
...oh wait now there is. for our request!
[13:52:37] IridescentSky-Alpha:1407@API_3.0 w/ Client r240201 // Debug: True - Packet Size: 1024b

[13:52:37] SUCCESS: Connected to IridescentSky-Alpha:1407! (Latency: 0ms)
[13:52:37] INFO: Requesting API Version 3.0...
[13:52:37] [OK] We sent a valid API Version.
[13:52:37] INFO: Requesting "GET/SPLASH_TEXT".
[13:52:37] [SUCCESS] Received Now built thanks to the Flashstore API! for our request!
[14:50:35] IridescentSky-Alpha:1407@API_3.0 w/ Client r240201 // Debug: True - Packet Size: 1024b

[14:50:35] SUCCESS: Connected to IridescentSky-Alpha:1407! (Latency: 0ms)
[14:50:35] INFO: Requesting API Version 3.0...
[14:50:35] [OK] We sent a valid API Version.
[14:50:35] INFO: Requesting "ADD_STAT/VIEW/extended_chat_effects".
[14:50:35] [SUCCESS] Received OK for our request!
[14:50:38] IridescentSky-Alpha:1407@API_3.0 w/ Client r240201 // Debug: True - Packet Size: 1024b

[14:50:38] SUCCESS: Connected to IridescentSky-Alpha:1407! (Latency: 0ms)
[14:50:38] INFO: Requesting API Version 3.0...
[14:50:38] [OK] We sent a valid API Version.
[14:50:38] INFO: Requesting "ADD_STAT/VIEW/extended_chat_effects".
[14:50:38] [ERROR] The server told us our one-time request was already done!
[14:52:17] IridescentSky-Alpha:1407@API_3.0 w/ Client r240201 // Debug: True - Packet Size: 1024b

[14:52:17] SUCCESS: Connected to IridescentSky-Alpha:1407! (Latency: 0ms)
[14:52:17] INFO: Requesting API Version 3.0...
[14:52:17] [OK] We sent a valid API Version.
[14:52:17] INFO: Requesting "ADD_STAT/VIEW/extended_chat_effects".
[14:52:17] [SUCCESS] Received OK for our request!
[14:52:39] IridescentSky-Alpha:1407@API_3.0 w/ Client r240201 // Debug: True - Packet Size: 1024b

[14:52:39] SUCCESS: Connected to IridescentSky-Alpha:1407! (Latency: 0ms)
[14:52:39] INFO: Requesting API Version 3.0...
[14:52:39] [OK] We sent a valid API Version.
[14:52:39] INFO: Requesting "ADD_STAT/VIEW/extended_chat_effects".
[14:52:39] [ERROR] The server told us our one-time request was already done!
[14:54:08] IridescentSky-Alpha:1407@API_3.0 w/ Client r240201 // Debug: True - Packet Size: 1024b

[14:54:08] SUCCESS: Connected to IridescentSky-Alpha:1407! (Latency: 0ms)
[14:54:08] INFO: Requesting API Version 3.0...
[14:54:08] [OK] We sent a valid API Version.
[14:54:08] INFO: Requesting "ADD_STAT/VIEW/extended_chat_effects".
[14:54:08] [SUCCESS] Received OK for our request!
[14:58:16] IridescentSky-Alpha:1407@API_3.0 w/ Client r240201 // Debug: True - Packet Size: 1024b

[14:58:16] SUCCESS: Connected to IridescentSky-Alpha:1407! (Latency: 0ms)
[14:58:16] INFO: Requesting API Version 3.0...
[14:58:16] [OK] We sent a valid API Version.
[14:58:16] INFO: Requesting "ADD_STAT/VIEW/extended_chat_effects".
[14:58:16] [ERROR] The server sent us an empty response!
[14:59:46] IridescentSky-Alpha:1407@API_3.0 w/ Client r240201 // Debug: True - Packet Size: 1024b

[14:59:46] SUCCESS: Connected to IridescentSky-Alpha:1407! (Latency: 0ms)
[14:59:46] INFO: Requesting API Version 3.0...
[14:59:46] [OK] We sent a valid API Version.
[14:59:46] INFO: Requesting "ADD_STAT/VIEW/extended_chat_effects".
[14:59:46] [ERROR] The server sent us an empty response!
[15:03:34] IridescentSky-Alpha:1407@API_3.0 w/ Client r240201 // Debug: True - Packet Size: 1024b

[15:03:34] SUCCESS: Connected to IridescentSky-Alpha:1407! (Latency: 0ms)
[15:03:34] INFO: Requesting API Version 3.0...
[15:03:34] [OK] We sent a valid API Version.
[15:03:34] INFO: Requesting "ADD_STAT/VIEW/extended_chat_effects".
[15:03:34] [ERROR] The server sent us an empty response!
[15:04:14] IridescentSky-Alpha:1407@API_3.0 w/ Client r240201 // Debug: True - Packet Size: 1024b

[15:04:14] SUCCESS: Connected to IridescentSky-Alpha:1407! (Latency: 0ms)
[15:04:14] INFO: Requesting API Version 3.0...
[15:04:14] [OK] We sent a valid API Version.
[15:04:14] INFO: Requesting "ADD_STAT/VIEW/extended_chat_effects".
[15:04:14] [SUCCESS] Received OK for our request!
[15:05:15] IridescentSky-Alpha:1407@API_3.0 w/ Client r240201 // Debug: True - Packet Size: 1024b

[15:05:15] SUCCESS: Connected to IridescentSky-Alpha:1407! (Latency: 0ms)
[15:05:15] INFO: Requesting API Version 3.0...
[15:05:15] [OK] We sent a valid API Version.
[15:05:15] INFO: Requesting "ADD_STAT/VIEW/extended_chat_effects".
[15:05:15] [SUCCESS] Received OK for our request!
[15:05:21] IridescentSky-Alpha:1407@API_3.0 w/ Client r240201 // Debug: True - Packet Size: 1024b

[15:05:21] SUCCESS: Connected to IridescentSky-Alpha:1407! (Latency: 0ms)
[15:05:21] INFO: Requesting API Version 3.0...
[15:05:21] [OK] We sent a valid API Version.
[15:05:21] INFO: Requesting "ADD_STAT/VIEW/extended_chat_effects".
[15:05:21] [ERROR] The server told us our one-time request was already done!
[15:11:48] IridescentSky-Alpha:1407@API_3.0 w/ Client r240201 // Debug: True - Packet Size: 1024b

[15:11:48] SUCCESS: Connected to IridescentSky-Alpha:1407! (Latency: 0ms)
[15:11:48] INFO: Requesting API Version 3.0...
[15:11:48] [OK] We sent a valid API Version.
[15:11:48] INFO: Requesting "ADD_STAT/VIEW/extended_chat_effects".
[15:11:48] [ERROR] The server told us our request is missing arguments!
[15:13:25] IridescentSky-Alpha:1407@API_3.0 w/ Client r240201 // Debug: True - Packet Size: 1024b

[15:13:25] SUCCESS: Connected to IridescentSky-Alpha:1407! (Latency: 0ms)
[15:13:25] INFO: Requesting API Version 3.0...
[15:13:25] [OK] We sent a valid API Version.
[15:13:25] INFO: Requesting "ADD_STAT/VIEW/extended_chat_effects".
[15:13:25] [ERROR] The server told us our request is invalid!
[15:13:57] IridescentSky-Alpha:1407@API_3.0 w/ Client r240201 // Debug: True - Packet Size: 1024b

[15:13:57] SUCCESS: Connected to IridescentSky-Alpha:1407! (Latency: 0ms)
[15:13:57] INFO: Requesting API Version 3.0...
[15:13:57] [OK] We sent a valid API Version.
[15:13:57] INFO: Requesting "ADD_STAT/VIEW/extended_chat_effects".
[15:13:57] [ERROR] The server told us our request is invalid!
[15:14:04] IridescentSky-Alpha:1407@API_3.0 w/ Client r240201 // Debug: True - Packet Size: 1024b

[15:14:04] SUCCESS: Connected to IridescentSky-Alpha:1407! (Latency: 0ms)
[15:14:04] INFO: Requesting API Version 3.0...
[15:14:04] [OK] We sent a valid API Version.
[15:14:04] INFO: Requesting "ADD_STAT/VIEWS/extended_chat_effects".
[15:14:04] [ERROR] The server told us our one-time request was already done!
[15:14:12] IridescentSky-Alpha:1407@API_3.0 w/ Client r240201 // Debug: True - Packet Size: 1024b

[15:14:12] SUCCESS: Connected to IridescentSky-Alpha:1407! (Latency: 0ms)
[15:14:12] INFO: Requesting API Version 3.0...
[15:14:12] [OK] We sent a valid API Version.
[15:14:12] INFO: Requesting "ADD_STAT/VIEWS/infinite_chat_effects".
[15:14:12] [SUCCESS] Received OK for our request!
[15:14:41] IridescentSky-Alpha:1407@API_3.0 w/ Client r240201 // Debug: True - Packet Size: 1024b

[15:14:41] SUCCESS: Connected to IridescentSky-Alpha:1407! (Latency: 0ms)
[15:14:41] INFO: Requesting API Version 3.0...
[15:14:41] [OK] We sent a valid API Version.
[15:14:41] INFO: Requesting "ADD_STAT/VIEWS/infinite_chat_effects".
[15:14:41] [ERROR] The server told us our one-time request was already done!
[15:14:52] IridescentSky-Alpha:1407@API_3.0 w/ Client r240201 // Debug: True - Packet Size: 1024b

[15:14:52] SUCCESS: Connected to IridescentSky-Alpha:1407! (Latency: 0ms)
[15:14:52] INFO: Requesting API Version 3.0...
[15:14:52] [OK] We sent a valid API Version.
[15:14:52] INFO: Requesting "ADD_STAT/INSTALLS/infinite_chat_effects".
[15:14:52] [ERROR] The server told us our request is invalid!
[15:14:58] IridescentSky-Alpha:1407@API_3.0 w/ Client r240201 // Debug: True - Packet Size: 1024b

[15:14:58] SUCCESS: Connected to IridescentSky-Alpha:1407! (Latency: 0ms)
[15:14:58] INFO: Requesting API Version 3.0...
[15:14:58] [OK] We sent a valid API Version.
[15:14:58] INFO: Requesting "ADD_STAT/INSTALLS/infinite_chat_effects".
[15:14:58] [ERROR] The server told us our request is invalid!
[15:15:40] IridescentSky-Alpha:1407@API_3.0 w/ Client r240201 // Debug: True - Packet Size: 1024b

[15:15:40] SUCCESS: Connected to IridescentSky-Alpha:1407! (Latency: 0ms)
[15:15:40] INFO: Requesting API Version 3.0...
[15:15:40] [OK] We sent a valid API Version.
[15:15:40] INFO: Requesting "ADD_STAT/INSTALLS/infinite_chat_effects".
[15:15:40] [ERROR] The server told us our request is invalid!
[15:17:09] IridescentSky-Alpha:1407@API_3.0 w/ Client r240201 // Debug: True - Packet Size: 1024b

[15:17:09] SUCCESS: Connected to IridescentSky-Alpha:1407! (Latency: 0ms)
[15:17:09] INFO: Requesting API Version 3.0...
[15:17:09] [OK] We sent a valid API Version.
[15:17:09] INFO: Requesting "ADD_STAT/INSTALLS/infinite_chat_effects".
[15:17:09] [ERROR] The server told us our request is invalid!
[15:17:15] IridescentSky-Alpha:1407@API_3.0 w/ Client r240201 // Debug: True - Packet Size: 1024b

[15:17:15] SUCCESS: Connected to IridescentSky-Alpha:1407! (Latency: 0ms)
[15:17:15] INFO: Requesting API Version 3.0...
[15:17:15] [OK] We sent a valid API Version.
[15:17:15] INFO: Requesting "ADD_STAT/INSTALLS/infinite_chat_effects".
[15:17:15] [SUCCESS] Received OK for our request!
[15:17:35] IridescentSky-Alpha:1407@API_3.0 w/ Client r240201 // Debug: True - Packet Size: 1024b

[15:17:35] SUCCESS: Connected to IridescentSky-Alpha:1407! (Latency: 0ms)
[15:17:35] INFO: Requesting API Version 3.0...
[15:17:35] [OK] We sent a valid API Version.
[15:17:35] INFO: Requesting "ADD_STAT/INSTALLS/infinite_chat_effects".
[15:17:35] [ERROR] The server told us our one-time request was already done!
[15:17:36] IridescentSky-Alpha:1407@API_3.0 w/ Client r240201 // Debug: True - Packet Size: 1024b

[15:17:36] SUCCESS: Connected to IridescentSky-Alpha:1407! (Latency: 0ms)
[15:17:36] INFO: Requesting API Version 3.0...
[15:17:36] [OK] We sent a valid API Version.
[15:17:36] INFO: Requesting "ADD_STAT/INSTALLS/infinite_chat_effects".
[15:17:36] [ERROR] The server told us our one-time request was already done!
[15:17:43] IridescentSky-Alpha:1407@API_3.0 w/ Client r240201 // Debug: True - Packet Size: 1024b

[15:17:43] SUCCESS: Connected to IridescentSky-Alpha:1407! (Latency: 0ms)
[15:17:43] INFO: Requesting API Version 3.0...
[15:17:43] [OK] We sent a valid API Version.
[15:17:43] INFO: Requesting "ADD_STAT/INSTALLS/extended_chat_effects".
[15:17:43] [SUCCESS] Received OK for our request!
[15:21:27] IridescentSky-Alpha:1407@API_3.0 w/ Client r240201 // Debug: True - Packet Size: 1024b

[15:21:27] SUCCESS: Connected to IridescentSky-Alpha:1407! (Latency: 0ms)
[15:21:27] INFO: Requesting API Version 3.0...
[15:21:27] [OK] We sent a valid API Version.
[15:21:27] INFO: Requesting "ADD_STAT/VIEWS/infinite_chat_effects".
[15:21:27] [SUCCESS] Received OK for our request!
[15:26:13] IridescentSky-Alpha:1407@API_3.0 w/ Client r240201 // Debug: True - Packet Size: 1024b

[15:26:13] SUCCESS: Connected to IridescentSky-Alpha:1407! (Latency: 0ms)
[15:26:13] INFO: Requesting API Version 3.0...
[15:26:13] [OK] We sent a valid API Version.
[15:26:13] INFO: Requesting "ADD_STAT/VIEWS/infinite_chat_effects".
[15:26:13] [ERROR] The server told us our one-time request was already done!
[15:26:13] IridescentSky-Alpha:1407@API_3.0 w/ Client r240201 // Debug: True - Packet Size: 1024b

[15:26:13] SUCCESS: Connected to IridescentSky-Alpha:1407! (Latency: 0ms)
[15:26:13] INFO: Requesting API Version 3.0...
[15:26:13] [OK] We sent a valid API Version.
[15:26:13] INFO: Requesting "GET/VIEWS/infinite_chat_effects".
[15:26:13] [ERROR] The server sent us an empty response!
[15:26:56] IridescentSky-Alpha:1407@API_3.0 w/ Client r240201 // Debug: True - Packet Size: 1024b

[15:26:56] SUCCESS: Connected to IridescentSky-Alpha:1407! (Latency: 0ms)
[15:26:56] INFO: Requesting API Version 3.0...
[15:26:56] [OK] We sent a valid API Version.
[15:26:56] INFO: Requesting "ADD_STAT/VIEWS/infinite_chat_effects".
[15:26:56] [ERROR] The server told us our one-time request was already done!
[15:26:56] IridescentSky-Alpha:1407@API_3.0 w/ Client r240201 // Debug: True - Packet Size: 1024b

[15:26:56] SUCCESS: Connected to IridescentSky-Alpha:1407! (Latency: 0ms)
[15:26:56] INFO: Requesting API Version 3.0...
[15:26:56] [OK] We sent a valid API Version.
[15:26:56] INFO: Requesting "GET/VIEWS/infinite_chat_effects".
[15:26:56] [ERROR] The server sent us an empty response!
[15:27:57] IridescentSky-Alpha:1407@API_3.0 w/ Client r240201 // Debug: True - Packet Size: 1024b

[15:27:57] SUCCESS: Connected to IridescentSky-Alpha:1407! (Latency: 0ms)
[15:27:57] INFO: Requesting API Version 3.0...
[15:27:57] [OK] We sent a valid API Version.
[15:27:57] INFO: Requesting "ADD_STAT/VIEWS/infinite_chat_effects".
[15:27:57] [ERROR] The server told us our one-time request was already done!
[15:27:57] IridescentSky-Alpha:1407@API_3.0 w/ Client r240201 // Debug: True - Packet Size: 1024b

[15:27:57] SUCCESS: Connected to IridescentSky-Alpha:1407! (Latency: 0ms)
[15:27:57] INFO: Requesting API Version 3.0...
[15:27:57] [OK] We sent a valid API Version.
[15:27:57] INFO: Requesting "GET/VIEWS/infinite_chat_effects".
[15:27:57] [ERROR] The server sent us an empty response!
[15:28:27] IridescentSky-Alpha:1407@API_3.0 w/ Client r240201 // Debug: True - Packet Size: 1024b

[15:28:27] SUCCESS: Connected to IridescentSky-Alpha:1407! (Latency: 0ms)
[15:28:27] INFO: Requesting API Version 3.0...
[15:28:27] [OK] We sent a valid API Version.
[15:28:27] INFO: Requesting "ADD_STAT/VIEWS/infinite_chat_effects".
[15:28:27] [ERROR] The server told us our one-time request was already done!
[15:28:27] IridescentSky-Alpha:1407@API_3.0 w/ Client r240201 // Debug: True - Packet Size: 1024b

[15:28:27] SUCCESS: Connected to IridescentSky-Alpha:1407! (Latency: 0ms)
[15:28:27] INFO: Requesting API Version 3.0...
[15:28:27] [OK] We sent a valid API Version.
[15:28:27] INFO: Requesting "GET/VIEWS/infinite_chat_effects".
[15:28:27] [ERROR] The server sent us an empty response!
[15:29:16] IridescentSky-Alpha:1407@API_3.0 w/ Client r240201 // Debug: True - Packet Size: 1024b

[15:29:16] SUCCESS: Connected to IridescentSky-Alpha:1407! (Latency: 0ms)
[15:29:16] INFO: Requesting API Version 3.0...
[15:29:16] [OK] We sent a valid API Version.
[15:29:16] INFO: Requesting "ADD_STAT/VIEWS/infinite_chat_effects".
[15:29:16] [ERROR] The server sent us an empty response!
[15:29:16] IridescentSky-Alpha:1407@API_3.0 w/ Client r240201 // Debug: True - Packet Size: 1024b

[15:29:16] SUCCESS: Connected to IridescentSky-Alpha:1407! (Latency: 0ms)
[15:29:16] INFO: Requesting API Version 3.0...
[15:29:16] [OK] We sent a valid API Version.
[15:29:16] INFO: Requesting "GET/VIEWS/infinite_chat_effects".
[15:29:16] [ERROR] The server sent us an empty response!
[15:29:51] IridescentSky-Alpha:1407@API_3.0 w/ Client r240201 // Debug: True - Packet Size: 1024b

[15:29:51] SUCCESS: Connected to IridescentSky-Alpha:1407! (Latency: 0ms)
[15:29:51] INFO: Requesting API Version 3.0...
[15:29:51] [OK] We sent a valid API Version.
[15:29:51] INFO: Requesting "ADD_STAT/VIEWS/infinite_chat_effects".
[15:29:51] [ERROR] The server told us our one-time request was already done!
[15:29:51] IridescentSky-Alpha:1407@API_3.0 w/ Client r240201 // Debug: True - Packet Size: 1024b

[15:29:51] SUCCESS: Connected to IridescentSky-Alpha:1407! (Latency: 0ms)
[15:29:51] INFO: Requesting API Version 3.0...
[15:29:51] [OK] We sent a valid API Version.
[15:29:51] INFO: Requesting "GET/VIEWS/infinite_chat_effects".
[15:29:51] [ERROR] The server sent us an empty response!
[15:30:20] IridescentSky-Alpha:1407@API_3.0 w/ Client r240201 // Debug: True - Packet Size: 1024b

[15:30:20] SUCCESS: Connected to IridescentSky-Alpha:1407! (Latency: 0ms)
[15:30:20] INFO: Requesting API Version 3.0...
[15:30:20] [OK] We sent a valid API Version.
[15:30:20] INFO: Requesting "ADD_STAT/VIEWS/infinite_chat_effects".
[15:30:20] [ERROR] The server told us our one-time request was already done!
[15:30:20] IridescentSky-Alpha:1407@API_3.0 w/ Client r240201 // Debug: True - Packet Size: 1024b

[15:30:20] SUCCESS: Connected to IridescentSky-Alpha:1407! (Latency: 0ms)
[15:30:20] INFO: Requesting API Version 3.0...
[15:30:20] [OK] We sent a valid API Version.
[15:30:20] INFO: Requesting "GET/VIEWS/infinite_chat_effects".
[15:30:20] [ERROR] The server sent us an empty response!
[15:30:35] IridescentSky-Alpha:1407@API_3.0 w/ Client r240201 // Debug: True - Packet Size: 1024b

[15:30:35] SUCCESS: Connected to IridescentSky-Alpha:1407! (Latency: 0ms)
[15:30:35] INFO: Requesting API Version 3.0...
[15:30:35] [OK] We sent a valid API Version.
[15:30:35] INFO: Requesting "ADD_STAT/VIEWS/infinite_chat_effects".
[15:30:35] [ERROR] The server told us our one-time request was already done!
[15:30:35] IridescentSky-Alpha:1407@API_3.0 w/ Client r240201 // Debug: True - Packet Size: 1024b

[15:30:35] SUCCESS: Connected to IridescentSky-Alpha:1407! (Latency: 0ms)
[15:30:35] INFO: Requesting API Version 3.0...
[15:30:35] [OK] We sent a valid API Version.
[15:30:35] INFO: Requesting "GET/VIEWS/infinite_chat_effects".
[15:30:35] [ERROR] The server sent us an empty response!
[15:31:08] IridescentSky-Alpha:1407@API_3.0 w/ Client r240201 // Debug: True - Packet Size: 1024b

[15:31:08] SUCCESS: Connected to IridescentSky-Alpha:1407! (Latency: 0ms)
[15:31:08] INFO: Requesting API Version 3.0...
[15:31:08] [OK] We sent a valid API Version.
[15:31:08] INFO: Requesting "ADD_STAT/VIEWS/infinite_chat_effects".
[15:31:08] [ERROR] The server told us our one-time request was already done!
[15:31:08] IridescentSky-Alpha:1407@API_3.0 w/ Client r240201 // Debug: True - Packet Size: 1024b

[15:31:08] SUCCESS: Connected to IridescentSky-Alpha:1407! (Latency: 0ms)
[15:31:08] INFO: Requesting API Version 3.0...
[15:31:08] [OK] We sent a valid API Version.
[15:31:08] INFO: Requesting "GET/VIEWS/infinite_chat_effects".
[15:31:08] [ERROR] The server sent us an empty response!
[15:31:55] IridescentSky-Alpha:1407@API_3.0 w/ Client r240201 // Debug: True - Packet Size: 1024b

[15:31:55] SUCCESS: Connected to IridescentSky-Alpha:1407! (Latency: 0ms)
[15:31:55] INFO: Requesting API Version 3.0...
[15:31:55] [OK] We sent a valid API Version.
[15:31:55] INFO: Requesting "ADD_STAT/VIEWS/infinite_chat_effects".
[15:31:55] [ERROR] The server told us our one-time request was already done!
[15:31:55] IridescentSky-Alpha:1407@API_3.0 w/ Client r240201 // Debug: True - Packet Size: 1024b

[15:31:55] SUCCESS: Connected to IridescentSky-Alpha:1407! (Latency: 0ms)
[15:31:55] INFO: Requesting API Version 3.0...
[15:31:55] [OK] We sent a valid API Version.
[15:31:55] INFO: Requesting "GET/VIEWS/infinite_chat_effects".
[15:31:55] [ERROR] The server sent us an empty response!
[15:32:03] IridescentSky-Alpha:1407@API_3.0 w/ Client r240201 // Debug: True - Packet Size: 1024b

[15:32:03] SUCCESS: Connected to IridescentSky-Alpha:1407! (Latency: 0ms)
[15:32:03] INFO: Requesting API Version 3.0...
[15:32:03] [OK] We sent a valid API Version.
[15:32:03] INFO: Requesting "ADD_STAT/VIEWS/infinite_chat_effects".
[15:32:03] [ERROR] The server told us our one-time request was already done!
[15:32:03] IridescentSky-Alpha:1407@API_3.0 w/ Client r240201 // Debug: True - Packet Size: 1024b

[15:32:03] SUCCESS: Connected to IridescentSky-Alpha:1407! (Latency: 0ms)
[15:32:03] INFO: Requesting API Version 3.0...
[15:32:03] [OK] We sent a valid API Version.
[15:32:03] INFO: Requesting "GET/VIEWS/infinite_chat_effects".
[15:32:03] [ERROR] The server sent us an empty response!
[15:32:07] IridescentSky-Alpha:1407@API_3.0 w/ Client r240201 // Debug: True - Packet Size: 1024b

[15:32:07] SUCCESS: Connected to IridescentSky-Alpha:1407! (Latency: 0ms)
[15:32:07] INFO: Requesting API Version 3.0...
[15:32:07] [OK] We sent a valid API Version.
[15:32:07] INFO: Requesting "ADD_STAT/VIEWS/infinite_chat_effects".
[15:32:07] [ERROR] The server told us our one-time request was already done!
[15:32:07] IridescentSky-Alpha:1407@API_3.0 w/ Client r240201 // Debug: True - Packet Size: 1024b

[15:32:07] SUCCESS: Connected to IridescentSky-Alpha:1407! (Latency: 0ms)
[15:32:07] INFO: Requesting API Version 3.0...
[15:32:07] [OK] We sent a valid API Version.
[15:32:07] INFO: Requesting "GET/VIEWS/infinite_chat_effects".
[15:32:07] [ERROR] The server sent us an empty response!
[15:33:00] IridescentSky-Alpha:1407@API_3.0 w/ Client r240201 // Debug: True - Packet Size: 1024b

[15:33:00] SUCCESS: Connected to IridescentSky-Alpha:1407! (Latency: 0ms)
[15:33:00] INFO: Requesting API Version 3.0...
[15:33:00] [OK] We sent a valid API Version.
[15:33:00] INFO: Requesting "ADD_STAT/VIEWS/infinite_chat_effects".
[15:33:00] [ERROR] The server told us our one-time request was already done!
[15:33:00] IridescentSky-Alpha:1407@API_3.0 w/ Client r240201 // Debug: True - Packet Size: 1024b

[15:33:00] SUCCESS: Connected to IridescentSky-Alpha:1407! (Latency: 0ms)
[15:33:00] INFO: Requesting API Version 3.0...
[15:33:00] [OK] We sent a valid API Version.
[15:33:00] INFO: Requesting "GET/VIEWS/infinite_chat_effects".
[15:33:00] [ERROR] The server sent us an empty response!
[15:33:17] IridescentSky-Alpha:1407@API_3.0 w/ Client r240201 // Debug: True - Packet Size: 1024b

[15:33:17] SUCCESS: Connected to IridescentSky-Alpha:1407! (Latency: 0ms)
[15:33:17] INFO: Requesting API Version 3.0...
[15:33:17] [OK] We sent a valid API Version.
[15:33:17] INFO: Requesting "ADD_STAT/VIEWS/infinite_chat_effects".
[15:33:17] [ERROR] The server told us our one-time request was already done!
[15:33:17] IridescentSky-Alpha:1407@API_3.0 w/ Client r240201 // Debug: True - Packet Size: 1024b

[15:33:17] SUCCESS: Connected to IridescentSky-Alpha:1407! (Latency: 0ms)
[15:33:17] INFO: Requesting API Version 3.0...
[15:33:17] [OK] We sent a valid API Version.
[15:33:17] INFO: Requesting "GET/VIEWS/infinite_chat_effects".
[15:33:17] [ERROR] The server sent us an empty response!
[15:33:33] IridescentSky-Alpha:1407@API_3.0 w/ Client r240201 // Debug: True - Packet Size: 1024b

[15:33:33] SUCCESS: Connected to IridescentSky-Alpha:1407! (Latency: 0ms)
[15:33:33] INFO: Requesting API Version 3.0...
[15:33:33] [OK] We sent a valid API Version.
[15:33:33] INFO: Requesting "ADD_STAT/VIEWS/infinite_chat_effects".
[15:33:33] [ERROR] The server told us our one-time request was already done!
[15:33:33] IridescentSky-Alpha:1407@API_3.0 w/ Client r240201 // Debug: True - Packet Size: 1024b

[15:33:33] SUCCESS: Connected to IridescentSky-Alpha:1407! (Latency: 0ms)
[15:33:33] INFO: Requesting API Version 3.0...
[15:33:33] [OK] We sent a valid API Version.
[15:33:33] INFO: Requesting "GET/VIEWS/infinite_chat_effects".
[15:33:33] [ERROR] The server sent us an empty response!
[15:33:57] IridescentSky-Alpha:1407@API_3.0 w/ Client r240201 // Debug: True - Packet Size: 1024b

[15:33:57] SUCCESS: Connected to IridescentSky-Alpha:1407! (Latency: 0ms)
[15:33:57] INFO: Requesting API Version 3.0...
[15:33:57] [OK] We sent a valid API Version.
[15:33:57] INFO: Requesting "ADD_STAT/VIEWS/infinite_chat_effects".
[15:33:57] [ERROR] The server told us our one-time request was already done!
[15:33:57] IridescentSky-Alpha:1407@API_3.0 w/ Client r240201 // Debug: True - Packet Size: 1024b

[15:33:57] SUCCESS: Connected to IridescentSky-Alpha:1407! (Latency: 0ms)
[15:33:57] INFO: Requesting API Version 3.0...
[15:33:57] [OK] We sent a valid API Version.
[15:33:57] INFO: Requesting "GET/VIEWS/infinite_chat_effects".
[15:33:57] [SUCCESS] Received 1 for our request!
[15:34:23] IridescentSky-Alpha:1407@API_3.0 w/ Client r240201 // Debug: True - Packet Size: 1024b

[15:34:23] SUCCESS: Connected to IridescentSky-Alpha:1407! (Latency: 0ms)
[15:34:23] INFO: Requesting API Version 3.0...
[15:34:23] [OK] We sent a valid API Version.
[15:34:23] INFO: Requesting "ADD_STAT/VIEWS/infinite_chat_effects".
[15:34:23] [ERROR] The server told us our one-time request was already done!
[15:34:23] IridescentSky-Alpha:1407@API_3.0 w/ Client r240201 // Debug: True - Packet Size: 1024b

[15:34:23] SUCCESS: Connected to IridescentSky-Alpha:1407! (Latency: 0ms)
[15:34:23] INFO: Requesting API Version 3.0...
[15:34:23] [OK] We sent a valid API Version.
[15:34:23] INFO: Requesting "GET/VIEWS/infinite_chat_effects".
[15:34:23] [SUCCESS] Received 1 for our request!
[15:34:28] IridescentSky-Alpha:1407@API_3.0 w/ Client r240201 // Debug: True - Packet Size: 1024b

[15:34:28] SUCCESS: Connected to IridescentSky-Alpha:1407! (Latency: 0ms)
[15:34:28] INFO: Requesting API Version 3.0...
[15:34:28] [OK] We sent a valid API Version.
[15:34:28] INFO: Requesting "ADD_STAT/VIEWS/infinite_chat_effects".
[15:34:28] [ERROR] The server told us our one-time request was already done!
[15:34:28] IridescentSky-Alpha:1407@API_3.0 w/ Client r240201 // Debug: True - Packet Size: 1024b

[15:34:28] SUCCESS: Connected to IridescentSky-Alpha:1407! (Latency: 0ms)
[15:34:28] INFO: Requesting API Version 3.0...
[15:34:28] [OK] We sent a valid API Version.
[15:34:28] INFO: Requesting "GET/VIEWS/infinite_chat_effects".
[15:34:28] [SUCCESS] Received 1 for our request!
